<?xml version="1.0" encoding="UTF-8"?>
<testsuite xmlns:xsi="http://www.w3.org/2001/XMLSchema-instance" xsi:noNamespaceSchemaLocation="https://maven.apache.org/surefire/maven-surefire-plugin/xsd/surefire-test-report.xsd" name="org.springframework.boot.web.embedded.undertow.UndertowServletWebServerFactoryTests" time="5.926" tests="79" errors="0" skipped="2" failures="0">
  <properties>
    <property name="sun.desktop" value="windows"/>
    <property name="awt.toolkit" value="sun.awt.windows.WToolkit"/>
    <property name="java.specification.version" value="11"/>
    <property name="sun.cpu.isalist" value="amd64"/>
    <property name="sun.jnu.encoding" value="GBK"/>
    <property name="java.class.path" value="F:\source\spring-boot-2.2.2.RELEASE\spring-boot-project\spring-boot\target\test-classes;F:\source\spring-boot-2.2.2.RELEASE\spring-boot-project\spring-boot\target\classes;E:\Maven\repository\org\springframework\spring-core\5.2.2.RELEASE\spring-core-5.2.2.RELEASE.jar;E:\Maven\repository\org\springframework\spring-jcl\5.2.2.RELEASE\spring-jcl-5.2.2.RELEASE.jar;E:\Maven\repository\org\springframework\spring-context\5.2.2.RELEASE\spring-context-5.2.2.RELEASE.jar;E:\Maven\repository\org\springframework\spring-aop\5.2.2.RELEASE\spring-aop-5.2.2.RELEASE.jar;E:\Maven\repository\org\springframework\spring-beans\5.2.2.RELEASE\spring-beans-5.2.2.RELEASE.jar;E:\Maven\repository\org\springframework\spring-expression\5.2.2.RELEASE\spring-expression-5.2.2.RELEASE.jar;E:\Maven\repository\ch\qos\logback\logback-classic\1.2.3\logback-classic-1.2.3.jar;E:\Maven\repository\ch\qos\logback\logback-core\1.2.3\logback-core-1.2.3.jar;E:\Maven\repository\com\atomikos\transactions-jdbc\4.0.6\transactions-jdbc-4.0.6.jar;E:\Maven\repository\com\atomikos\transactions-jms\4.0.6\transactions-jms-4.0.6.jar;E:\Maven\repository\com\atomikos\transactions-jta\4.0.6\transactions-jta-4.0.6.jar;E:\Maven\repository\com\atomikos\transactions-api\4.0.6\transactions-api-4.0.6.jar;E:\Maven\repository\com\atomikos\transactions\4.0.6\transactions-4.0.6.jar;E:\Maven\repository\com\atomikos\atomikos-util\4.0.6\atomikos-util-4.0.6.jar;E:\Maven\repository\com\fasterxml\jackson\core\jackson-databind\2.10.1\jackson-databind-2.10.1.jar;E:\Maven\repository\com\fasterxml\jackson\core\jackson-annotations\2.10.1\jackson-annotations-2.10.1.jar;E:\Maven\repository\com\fasterxml\jackson\core\jackson-core\2.10.1\jackson-core-2.10.1.jar;E:\Maven\repository\com\google\code\gson\gson\2.8.6\gson-2.8.6.jar;E:\Maven\repository\com\oracle\ojdbc\ojdbc8\19.3.0.0\ojdbc8-19.3.0.0.jar;E:\Maven\repository\com\oracle\ojdbc\ucp\19.3.0.0\ucp-19.3.0.0.jar;E:\Maven\repository\com\oracle\ojdbc\oraclepki\19.3.0.0\oraclepki-19.3.0.0.jar;E:\Maven\repository\com\oracle\ojdbc\osdt_cert\19.3.0.0\osdt_cert-19.3.0.0.jar;E:\Maven\repository\com\oracle\ojdbc\osdt_core\19.3.0.0\osdt_core-19.3.0.0.jar;E:\Maven\repository\com\oracle\ojdbc\simplefan\19.3.0.0\simplefan-19.3.0.0.jar;E:\Maven\repository\com\oracle\ojdbc\ons\19.3.0.0\ons-19.3.0.0.jar;E:\Maven\repository\com\samskivert\jmustache\1.15\jmustache-1.15.jar;E:\Maven\repository\com\sendgrid\sendgrid-java\4.4.1\sendgrid-java-4.4.1.jar;E:\Maven\repository\com\sendgrid\java-http-client\4.1.0\java-http-client-4.1.0.jar;E:\Maven\repository\com\zaxxer\HikariCP\3.4.1\HikariCP-3.4.1.jar;E:\Maven\repository\io\projectreactor\netty\reactor-netty\0.9.2.RELEASE\reactor-netty-0.9.2.RELEASE.jar;E:\Maven\repository\io\netty\netty-codec-http\4.1.43.Final\netty-codec-http-4.1.43.Final.jar;E:\Maven\repository\io\netty\netty-common\4.1.43.Final\netty-common-4.1.43.Final.jar;E:\Maven\repository\io\netty\netty-transport\4.1.43.Final\netty-transport-4.1.43.Final.jar;E:\Maven\repository\io\netty\netty-resolver\4.1.43.Final\netty-resolver-4.1.43.Final.jar;E:\Maven\repository\io\netty\netty-codec\4.1.43.Final\netty-codec-4.1.43.Final.jar;E:\Maven\repository\io\netty\netty-codec-http2\4.1.43.Final\netty-codec-http2-4.1.43.Final.jar;E:\Maven\repository\io\netty\netty-handler\4.1.43.Final\netty-handler-4.1.43.Final.jar;E:\Maven\repository\io\netty\netty-handler-proxy\4.1.43.Final\netty-handler-proxy-4.1.43.Final.jar;E:\Maven\repository\io\netty\netty-codec-socks\4.1.43.Final\netty-codec-socks-4.1.43.Final.jar;E:\Maven\repository\io\netty\netty-transport-native-epoll\4.1.43.Final\netty-transport-native-epoll-4.1.43.Final-linux-x86_64.jar;E:\Maven\repository\io\netty\netty-transport-native-unix-common\4.1.43.Final\netty-transport-native-unix-common-4.1.43.Final.jar;E:\Maven\repository\io\projectreactor\reactor-core\3.3.1.RELEASE\reactor-core-3.3.1.RELEASE.jar;E:\Maven\repository\org\reactivestreams\reactive-streams\1.0.3\reactive-streams-1.0.3.jar;E:\Maven\repository\io\netty\netty-tcnative-boringssl-static\2.0.28.Final\netty-tcnative-boringssl-static-2.0.28.Final.jar;E:\Maven\repository\io\rsocket\rsocket-core\1.0.0-RC5\rsocket-core-1.0.0-RC5.jar;E:\Maven\repository\io\netty\netty-buffer\4.1.43.Final\netty-buffer-4.1.43.Final.jar;E:\Maven\repository\io\rsocket\rsocket-transport-netty\1.0.0-RC5\rsocket-transport-netty-1.0.0-RC5.jar;E:\Maven\repository\io\undertow\undertow-servlet\2.0.28.Final\undertow-servlet-2.0.28.Final.jar;E:\Maven\repository\io\undertow\undertow-core\2.0.28.Final\undertow-core-2.0.28.Final.jar;E:\Maven\repository\org\jboss\xnio\xnio-api\3.3.8.Final\xnio-api-3.3.8.Final.jar;E:\Maven\repository\org\jboss\xnio\xnio-nio\3.3.8.Final\xnio-nio-3.3.8.Final.jar;E:\Maven\repository\org\jboss\spec\javax\servlet\jboss-servlet-api_4.0_spec\1.0.0.Final\jboss-servlet-api_4.0_spec-1.0.0.Final.jar;E:\Maven\repository\org\jboss\spec\javax\annotation\jboss-annotations-api_1.2_spec\1.0.2.Final\jboss-annotations-api_1.2_spec-1.0.2.Final.jar;E:\Maven\repository\jakarta\jms\jakarta.jms-api\2.0.3\jakarta.jms-api-2.0.3.jar;E:\Maven\repository\jakarta\servlet\jakarta.servlet-api\4.0.3\jakarta.servlet-api-4.0.3.jar;E:\Maven\repository\jakarta\validation\jakarta.validation-api\2.0.1\jakarta.validation-api-2.0.1.jar;E:\Maven\repository\junit\junit\4.12\junit-4.12.jar;E:\Maven\repository\org\apache\commons\commons-dbcp2\2.7.0\commons-dbcp2-2.7.0.jar;E:\Maven\repository\org\apache\commons\commons-pool2\2.7.0\commons-pool2-2.7.0.jar;E:\Maven\repository\org\apache\httpcomponents\httpclient\4.5.10\httpclient-4.5.10.jar;E:\Maven\repository\org\apache\httpcomponents\httpcore\4.4.12\httpcore-4.4.12.jar;E:\Maven\repository\commons-codec\commons-codec\1.13\commons-codec-1.13.jar;E:\Maven\repository\org\apache\logging\log4j\log4j-api\2.12.1\log4j-api-2.12.1.jar;E:\Maven\repository\org\apache\logging\log4j\log4j-core\2.12.1\log4j-core-2.12.1.jar;E:\Maven\repository\org\apache\tomcat\embed\tomcat-embed-core\9.0.29\tomcat-embed-core-9.0.29.jar;E:\Maven\repository\org\apache\tomcat\tomcat-annotations-api\9.0.29\tomcat-annotations-api-9.0.29.jar;E:\Maven\repository\org\apache\tomcat\embed\tomcat-embed-jasper\9.0.29\tomcat-embed-jasper-9.0.29.jar;E:\Maven\repository\org\apache\tomcat\embed\tomcat-embed-el\9.0.29\tomcat-embed-el-9.0.29.jar;E:\Maven\repository\org\eclipse\jdt\ecj\3.18.0\ecj-3.18.0.jar;E:\Maven\repository\org\apache\tomcat\tomcat-jdbc\9.0.29\tomcat-jdbc-9.0.29.jar;E:\Maven\repository\org\apache\tomcat\tomcat-juli\9.0.29\tomcat-juli-9.0.29.jar;E:\Maven\repository\org\assertj\assertj-core\3.13.2\assertj-core-3.13.2.jar;E:\Maven\repository\org\codehaus\btm\btm\2.1.4\btm-2.1.4.jar;E:\Maven\repository\org\codehaus\groovy\groovy\2.5.8\groovy-2.5.8.jar;E:\Maven\repository\org\codehaus\groovy\groovy-xml\2.5.8\groovy-xml-2.5.8.jar;E:\Maven\repository\org\eclipse\jetty\jetty-servlets\9.4.24.v20191120\jetty-servlets-9.4.24.v20191120.jar;E:\Maven\repository\org\eclipse\jetty\jetty-continuation\9.4.24.v20191120\jetty-continuation-9.4.24.v20191120.jar;E:\Maven\repository\org\eclipse\jetty\jetty-http\9.4.24.v20191120\jetty-http-9.4.24.v20191120.jar;E:\Maven\repository\org\eclipse\jetty\jetty-io\9.4.24.v20191120\jetty-io-9.4.24.v20191120.jar;E:\Maven\repository\org\eclipse\jetty\jetty-util\9.4.24.v20191120\jetty-util-9.4.24.v20191120.jar;E:\Maven\repository\org\eclipse\jetty\jetty-webapp\9.4.24.v20191120\jetty-webapp-9.4.24.v20191120.jar;E:\Maven\repository\org\eclipse\jetty\jetty-xml\9.4.24.v20191120\jetty-xml-9.4.24.v20191120.jar;E:\Maven\repository\org\eclipse\jetty\jetty-servlet\9.4.24.v20191120\jetty-servlet-9.4.24.v20191120.jar;E:\Maven\repository\org\eclipse\jetty\jetty-security\9.4.24.v20191120\jetty-security-9.4.24.v20191120.jar;E:\Maven\repository\org\eclipse\jetty\jetty-alpn-conscrypt-server\9.4.24.v20191120\jetty-alpn-conscrypt-server-9.4.24.v20191120.jar;E:\Maven\repository\org\conscrypt\conscrypt-openjdk-uber\2.1.0\conscrypt-openjdk-uber-2.1.0.jar;E:\Maven\repository\org\eclipse\jetty\jetty-alpn-server\9.4.24.v20191120\jetty-alpn-server-9.4.24.v20191120.jar;E:\Maven\repository\org\eclipse\jetty\http2\http2-server\9.4.24.v20191120\http2-server-9.4.24.v20191120.jar;E:\Maven\repository\org\eclipse\jetty\http2\http2-common\9.4.24.v20191120\http2-common-9.4.24.v20191120.jar;E:\Maven\repository\org\eclipse\jetty\http2\http2-hpack\9.4.24.v20191120\http2-hpack-9.4.24.v20191120.jar;E:\Maven\repository\org\eclipse\jetty\jetty-server\9.4.24.v20191120\jetty-server-9.4.24.v20191120.jar;E:\Maven\repository\org\hamcrest\hamcrest\2.1\hamcrest-2.1.jar;E:\Maven\repository\org\hibernate\hibernate-core\5.4.9.Final\hibernate-core-5.4.9.Final.jar;E:\Maven\repository\org\jboss\logging\jboss-logging\3.4.1.Final\jboss-logging-3.4.1.Final.jar;E:\Maven\repository\org\javassist\javassist\3.24.0-GA\javassist-3.24.0-GA.jar;E:\Maven\repository\net\bytebuddy\byte-buddy\1.10.4\byte-buddy-1.10.4.jar;E:\Maven\repository\antlr\antlr\2.7.7\antlr-2.7.7.jar;E:\Maven\repository\org\jboss\spec\javax\transaction\jboss-transaction-api_1.2_spec\1.1.1.Final\jboss-transaction-api_1.2_spec-1.1.1.Final.jar;E:\Maven\repository\org\jboss\jandex\2.1.1.Final\jandex-2.1.1.Final.jar;E:\Maven\repository\com\fasterxml\classmate\1.5.1\classmate-1.5.1.jar;E:\Maven\repository\org\dom4j\dom4j\2.1.1\dom4j-2.1.1.jar;E:\Maven\repository\org\hibernate\common\hibernate-commons-annotations\5.1.0.Final\hibernate-commons-annotations-5.1.0.Final.jar;E:\Maven\repository\org\glassfish\jaxb\jaxb-runtime\2.3.2\jaxb-runtime-2.3.2.jar;E:\Maven\repository\org\glassfish\jaxb\txw2\2.3.2\txw2-2.3.2.jar;E:\Maven\repository\com\sun\istack\istack-commons-runtime\3.0.8\istack-commons-runtime-3.0.8.jar;E:\Maven\repository\com\sun\xml\fastinfoset\FastInfoset\1.2.16\FastInfoset-1.2.16.jar;E:\Maven\repository\org\hibernate\validator\hibernate-validator\6.0.18.Final\hibernate-validator-6.0.18.Final.jar;E:\Maven\repository\org\jboss\jboss-transaction-spi\7.6.0.Final\jboss-transaction-spi-7.6.0.Final.jar;E:\Maven\repository\org\jboss\spec\javax\resource\jboss-connector-api_1.7_spec\1.0.0.Final\jboss-connector-api_1.7_spec-1.0.0.Final.jar;E:\Maven\repository\org\liquibase\liquibase-core\3.8.2\liquibase-core-3.8.2.jar;E:\Maven\repository\org\neo4j\neo4j-ogm-core\3.2.3\neo4j-ogm-core-3.2.3.jar;E:\Maven\repository\org\neo4j\neo4j-ogm-api\3.2.3\neo4j-ogm-api-3.2.3.jar;E:\Maven\repository\com\fasterxml\jackson\datatype\jackson-datatype-jdk8\2.10.1\jackson-datatype-jdk8-2.10.1.jar;E:\Maven\repository\com\fasterxml\jackson\datatype\jackson-datatype-jsr310\2.10.1\jackson-datatype-jsr310-2.10.1.jar;E:\Maven\repository\org\apache\commons\commons-lang3\3.9\commons-lang3-3.9.jar;E:\Maven\repository\io\github\classgraph\classgraph\4.8.41\classgraph-4.8.41.jar;E:\Maven\repository\org\slf4j\jul-to-slf4j\1.7.29\jul-to-slf4j-1.7.29.jar;E:\Maven\repository\org\slf4j\slf4j-api\1.7.29\slf4j-api-1.7.29.jar;E:\Maven\repository\org\springframework\spring-messaging\5.2.2.RELEASE\spring-messaging-5.2.2.RELEASE.jar;E:\Maven\repository\org\springframework\spring-orm\5.2.2.RELEASE\spring-orm-5.2.2.RELEASE.jar;E:\Maven\repository\org\springframework\spring-jdbc\5.2.2.RELEASE\spring-jdbc-5.2.2.RELEASE.jar;E:\Maven\repository\org\springframework\spring-tx\5.2.2.RELEASE\spring-tx-5.2.2.RELEASE.jar;E:\Maven\repository\org\springframework\spring-oxm\5.2.2.RELEASE\spring-oxm-5.2.2.RELEASE.jar;E:\Maven\repository\org\springframework\spring-test\5.2.2.RELEASE\spring-test-5.2.2.RELEASE.jar;E:\Maven\repository\org\springframework\spring-web\5.2.2.RELEASE\spring-web-5.2.2.RELEASE.jar;E:\Maven\repository\org\springframework\spring-webflux\5.2.2.RELEASE\spring-webflux-5.2.2.RELEASE.jar;E:\Maven\repository\org\springframework\spring-webmvc\5.2.2.RELEASE\spring-webmvc-5.2.2.RELEASE.jar;E:\Maven\repository\org\springframework\security\spring-security-web\5.2.1.RELEASE\spring-security-web-5.2.1.RELEASE.jar;E:\Maven\repository\org\springframework\security\spring-security-core\5.2.1.RELEASE\spring-security-core-5.2.1.RELEASE.jar;E:\Maven\repository\org\springframework\ws\spring-ws-core\3.0.8.RELEASE\spring-ws-core-3.0.8.RELEASE.jar;E:\Maven\repository\org\springframework\ws\spring-xml\3.0.8.RELEASE\spring-xml-3.0.8.RELEASE.jar;E:\Maven\repository\org\yaml\snakeyaml\1.25\snakeyaml-1.25.jar;E:\Maven\repository\org\jetbrains\kotlin\kotlin-reflect\1.3.61\kotlin-reflect-1.3.61.jar;E:\Maven\repository\org\jetbrains\kotlin\kotlin-stdlib\1.3.61\kotlin-stdlib-1.3.61.jar;E:\Maven\repository\org\jetbrains\kotlin\kotlin-stdlib-common\1.3.61\kotlin-stdlib-common-1.3.61.jar;E:\Maven\repository\org\jetbrains\annotations\13.0\annotations-13.0.jar;E:\Maven\repository\org\springframework\boot\spring-boot-configuration-processor\2.2.2.RELEASE\spring-boot-configuration-processor-2.2.2.RELEASE.jar;E:\Maven\repository\org\springframework\boot\spring-boot-test-support\2.2.2.RELEASE\spring-boot-test-support-2.2.2.RELEASE.jar;E:\Maven\repository\org\apache\maven\resolver\maven-resolver-connector-basic\1.1.1\maven-resolver-connector-basic-1.1.1.jar;E:\Maven\repository\org\apache\maven\resolver\maven-resolver-api\1.1.1\maven-resolver-api-1.1.1.jar;E:\Maven\repository\org\apache\maven\resolver\maven-resolver-spi\1.1.1\maven-resolver-spi-1.1.1.jar;E:\Maven\repository\org\apache\maven\resolver\maven-resolver-util\1.1.1\maven-resolver-util-1.1.1.jar;E:\Maven\repository\org\apache\maven\resolver\maven-resolver-impl\1.1.1\maven-resolver-impl-1.1.1.jar;E:\Maven\repository\org\apache\maven\maven-resolver-provider\3.5.4\maven-resolver-provider-3.5.4.jar;E:\Maven\repository\org\apache\maven\maven-model\3.5.4\maven-model-3.5.4.jar;E:\Maven\repository\org\apache\maven\maven-model-builder\3.5.4\maven-model-builder-3.5.4.jar;E:\Maven\repository\org\codehaus\plexus\plexus-interpolation\1.24\plexus-interpolation-1.24.jar;E:\Maven\repository\org\codehaus\plexus\plexus-component-annotations\1.7.1\plexus-component-annotations-1.7.1.jar;E:\Maven\repository\org\apache\maven\maven-artifact\3.5.4\maven-artifact-3.5.4.jar;E:\Maven\repository\org\apache\maven\maven-builder-support\3.5.4\maven-builder-support-3.5.4.jar;E:\Maven\repository\org\apache\maven\maven-repository-metadata\3.5.4\maven-repository-metadata-3.5.4.jar;E:\Maven\repository\org\codehaus\plexus\plexus-utils\3.1.0\plexus-utils-3.1.0.jar;E:\Maven\repository\javax\inject\javax.inject\1\javax.inject-1.jar;E:\Maven\repository\org\apache\maven\resolver\maven-resolver-transport-http\1.1.1\maven-resolver-transport-http-1.1.1.jar;E:\Maven\repository\com\google\appengine\appengine-api-1.0-sdk\1.9.77\appengine-api-1.0-sdk-1.9.77.jar;E:\Maven\repository\com\h2database\h2\1.4.200\h2-1.4.200.jar;E:\Maven\repository\com\ibm\db2\jcc\11.5.0.0\jcc-11.5.0.0.jar;E:\Maven\repository\com\jayway\jsonpath\json-path\2.4.0\json-path-2.4.0.jar;E:\Maven\repository\net\minidev\json-smart\2.3\json-smart-2.3.jar;E:\Maven\repository\net\minidev\accessors-smart\1.2\accessors-smart-1.2.jar;E:\Maven\repository\org\ow2\asm\asm\5.0.4\asm-5.0.4.jar;E:\Maven\repository\com\microsoft\sqlserver\mssql-jdbc\7.4.1.jre8\mssql-jdbc-7.4.1.jre8.jar;E:\Maven\repository\com\squareup\okhttp3\okhttp\3.14.4\okhttp-3.14.4.jar;E:\Maven\repository\com\squareup\okio\okio\1.17.2\okio-1.17.2.jar;E:\Maven\repository\com\sun\xml\messaging\saaj\saaj-impl\1.5.1\saaj-impl-1.5.1.jar;E:\Maven\repository\jakarta\xml\bind\jakarta.xml.bind-api\2.3.2\jakarta.xml.bind-api-2.3.2.jar;E:\Maven\repository\jakarta\activation\jakarta.activation-api\1.2.1\jakarta.activation-api-1.2.1.jar;E:\Maven\repository\jakarta\xml\soap\jakarta.xml.soap-api\1.4.1\jakarta.xml.soap-api-1.4.1.jar;E:\Maven\repository\org\jvnet\mimepull\mimepull\1.9.12\mimepull-1.9.12.jar;E:\Maven\repository\org\jvnet\staxex\stax-ex\1.8.1\stax-ex-1.8.1.jar;E:\Maven\repository\io\projectreactor\reactor-test\3.3.1.RELEASE\reactor-test-3.3.1.RELEASE.jar;E:\Maven\repository\jakarta\persistence\jakarta.persistence-api\2.2.3\jakarta.persistence-api-2.2.3.jar;E:\Maven\repository\jakarta\xml\ws\jakarta.xml.ws-api\2.3.2\jakarta.xml.ws-api-2.3.2.jar;E:\Maven\repository\jakarta\annotation\jakarta.annotation-api\1.3.5\jakarta.annotation-api-1.3.5.jar;E:\Maven\repository\jakarta\jws\jakarta.jws-api\1.1.1\jakarta.jws-api-1.1.1.jar;E:\Maven\repository\mysql\mysql-connector-java\8.0.18\mysql-connector-java-8.0.18.jar;E:\Maven\repository\net\sourceforge\jtds\jtds\1.3.1\jtds-1.3.1.jar;E:\Maven\repository\org\apache\derby\derby\10.14.2.0\derby-10.14.2.0.jar;E:\Maven\repository\org\apache\httpcomponents\httpasyncclient\4.1.4\httpasyncclient-4.1.4.jar;E:\Maven\repository\org\apache\httpcomponents\httpcore-nio\4.4.12\httpcore-nio-4.4.12.jar;E:\Maven\repository\org\awaitility\awaitility\4.0.1\awaitility-4.0.1.jar;E:\Maven\repository\org\firebirdsql\jdbc\jaybird-jdk18\3.0.8\jaybird-jdk18-3.0.8.jar;E:\Maven\repository\org\antlr\antlr4-runtime\4.7\antlr4-runtime-4.7.jar;E:\Maven\repository\org\hsqldb\hsqldb\2.5.0\hsqldb-2.5.0.jar;E:\Maven\repository\org\mariadb\jdbc\mariadb-java-client\2.4.4\mariadb-java-client-2.4.4.jar;E:\Maven\repository\org\mockito\mockito-core\3.1.0\mockito-core-3.1.0.jar;E:\Maven\repository\net\bytebuddy\byte-buddy-agent\1.10.4\byte-buddy-agent-1.10.4.jar;E:\Maven\repository\org\objenesis\objenesis\2.6\objenesis-2.6.jar;E:\Maven\repository\org\postgresql\postgresql\42.2.8\postgresql-42.2.8.jar;E:\Maven\repository\org\springframework\spring-context-support\5.2.2.RELEASE\spring-context-support-5.2.2.RELEASE.jar;E:\Maven\repository\org\springframework\data\spring-data-redis\2.2.3.RELEASE\spring-data-redis-2.2.3.RELEASE.jar;E:\Maven\repository\org\springframework\data\spring-data-keyvalue\2.2.3.RELEASE\spring-data-keyvalue-2.2.3.RELEASE.jar;E:\Maven\repository\org\springframework\data\spring-data-commons\2.2.3.RELEASE\spring-data-commons-2.2.3.RELEASE.jar;E:\Maven\repository\org\xerial\sqlite-jdbc\3.28.0\sqlite-jdbc-3.28.0.jar;E:\Maven\repository\org\junit\jupiter\junit-jupiter\5.5.2\junit-jupiter-5.5.2.jar;E:\Maven\repository\org\junit\jupiter\junit-jupiter-api\5.5.2\junit-jupiter-api-5.5.2.jar;E:\Maven\repository\org\opentest4j\opentest4j\1.2.0\opentest4j-1.2.0.jar;E:\Maven\repository\org\junit\platform\junit-platform-commons\1.5.2\junit-platform-commons-1.5.2.jar;E:\Maven\repository\org\junit\jupiter\junit-jupiter-params\5.5.2\junit-jupiter-params-5.5.2.jar;E:\Maven\repository\org\junit\jupiter\junit-jupiter-engine\5.5.2\junit-jupiter-engine-5.5.2.jar;E:\Maven\repository\org\junit\vintage\junit-vintage-engine\5.5.2\junit-vintage-engine-5.5.2.jar;E:\Maven\repository\org\apiguardian\apiguardian-api\1.1.0\apiguardian-api-1.1.0.jar;E:\Maven\repository\org\junit\platform\junit-platform-engine\1.5.2\junit-platform-engine-1.5.2.jar;E:\Maven\repository\org\mockito\mockito-junit-jupiter\3.1.0\mockito-junit-jupiter-3.1.0.jar;"/>
    <property name="java.vm.vendor" value="JetBrains s.r.o"/>
    <property name="sun.arch.data.model" value="64"/>
    <property name="user.variant" value=""/>
    <property name="java.vendor.url" value="https://www.jetbrains.com/"/>
    <property name="user.timezone" value="Asia/Seoul"/>
    <property name="java.vm.specification.version" value="11"/>
    <property name="os.name" value="Windows 10"/>
    <property name="sun.java.launcher" value="SUN_STANDARD"/>
    <property name="user.country" value="CN"/>
    <property name="sun.boot.library.path" value="E:\JetBrains\IntelliJ IDEA 2019.2.4\jbr\bin"/>
    <property name="sun.java.command" value="C:\Users\ADMINI~1\AppData\Local\Temp\surefire341311105700282355\surefirebooter9301645443419891352.jar C:\Users\Administrator\AppData\Local\Temp\surefire341311105700282355 2020-02-20T21-52-40_278-jvmRun1 surefire5635739861277069085tmp surefire_010152123029090429810tmp"/>
    <property name="jdk.debug" value="release"/>
    <property name="surefire.test.class.path" value="F:\source\spring-boot-2.2.2.RELEASE\spring-boot-project\spring-boot\target\test-classes;F:\source\spring-boot-2.2.2.RELEASE\spring-boot-project\spring-boot\target\classes;E:\Maven\repository\org\springframework\spring-core\5.2.2.RELEASE\spring-core-5.2.2.RELEASE.jar;E:\Maven\repository\org\springframework\spring-jcl\5.2.2.RELEASE\spring-jcl-5.2.2.RELEASE.jar;E:\Maven\repository\org\springframework\spring-context\5.2.2.RELEASE\spring-context-5.2.2.RELEASE.jar;E:\Maven\repository\org\springframework\spring-aop\5.2.2.RELEASE\spring-aop-5.2.2.RELEASE.jar;E:\Maven\repository\org\springframework\spring-beans\5.2.2.RELEASE\spring-beans-5.2.2.RELEASE.jar;E:\Maven\repository\org\springframework\spring-expression\5.2.2.RELEASE\spring-expression-5.2.2.RELEASE.jar;E:\Maven\repository\ch\qos\logback\logback-classic\1.2.3\logback-classic-1.2.3.jar;E:\Maven\repository\ch\qos\logback\logback-core\1.2.3\logback-core-1.2.3.jar;E:\Maven\repository\com\atomikos\transactions-jdbc\4.0.6\transactions-jdbc-4.0.6.jar;E:\Maven\repository\com\atomikos\transactions-jms\4.0.6\transactions-jms-4.0.6.jar;E:\Maven\repository\com\atomikos\transactions-jta\4.0.6\transactions-jta-4.0.6.jar;E:\Maven\repository\com\atomikos\transactions-api\4.0.6\transactions-api-4.0.6.jar;E:\Maven\repository\com\atomikos\transactions\4.0.6\transactions-4.0.6.jar;E:\Maven\repository\com\atomikos\atomikos-util\4.0.6\atomikos-util-4.0.6.jar;E:\Maven\repository\com\fasterxml\jackson\core\jackson-databind\2.10.1\jackson-databind-2.10.1.jar;E:\Maven\repository\com\fasterxml\jackson\core\jackson-annotations\2.10.1\jackson-annotations-2.10.1.jar;E:\Maven\repository\com\fasterxml\jackson\core\jackson-core\2.10.1\jackson-core-2.10.1.jar;E:\Maven\repository\com\google\code\gson\gson\2.8.6\gson-2.8.6.jar;E:\Maven\repository\com\oracle\ojdbc\ojdbc8\19.3.0.0\ojdbc8-19.3.0.0.jar;E:\Maven\repository\com\oracle\ojdbc\ucp\19.3.0.0\ucp-19.3.0.0.jar;E:\Maven\repository\com\oracle\ojdbc\oraclepki\19.3.0.0\oraclepki-19.3.0.0.jar;E:\Maven\repository\com\oracle\ojdbc\osdt_cert\19.3.0.0\osdt_cert-19.3.0.0.jar;E:\Maven\repository\com\oracle\ojdbc\osdt_core\19.3.0.0\osdt_core-19.3.0.0.jar;E:\Maven\repository\com\oracle\ojdbc\simplefan\19.3.0.0\simplefan-19.3.0.0.jar;E:\Maven\repository\com\oracle\ojdbc\ons\19.3.0.0\ons-19.3.0.0.jar;E:\Maven\repository\com\samskivert\jmustache\1.15\jmustache-1.15.jar;E:\Maven\repository\com\sendgrid\sendgrid-java\4.4.1\sendgrid-java-4.4.1.jar;E:\Maven\repository\com\sendgrid\java-http-client\4.1.0\java-http-client-4.1.0.jar;E:\Maven\repository\com\zaxxer\HikariCP\3.4.1\HikariCP-3.4.1.jar;E:\Maven\repository\io\projectreactor\netty\reactor-netty\0.9.2.RELEASE\reactor-netty-0.9.2.RELEASE.jar;E:\Maven\repository\io\netty\netty-codec-http\4.1.43.Final\netty-codec-http-4.1.43.Final.jar;E:\Maven\repository\io\netty\netty-common\4.1.43.Final\netty-common-4.1.43.Final.jar;E:\Maven\repository\io\netty\netty-transport\4.1.43.Final\netty-transport-4.1.43.Final.jar;E:\Maven\repository\io\netty\netty-resolver\4.1.43.Final\netty-resolver-4.1.43.Final.jar;E:\Maven\repository\io\netty\netty-codec\4.1.43.Final\netty-codec-4.1.43.Final.jar;E:\Maven\repository\io\netty\netty-codec-http2\4.1.43.Final\netty-codec-http2-4.1.43.Final.jar;E:\Maven\repository\io\netty\netty-handler\4.1.43.Final\netty-handler-4.1.43.Final.jar;E:\Maven\repository\io\netty\netty-handler-proxy\4.1.43.Final\netty-handler-proxy-4.1.43.Final.jar;E:\Maven\repository\io\netty\netty-codec-socks\4.1.43.Final\netty-codec-socks-4.1.43.Final.jar;E:\Maven\repository\io\netty\netty-transport-native-epoll\4.1.43.Final\netty-transport-native-epoll-4.1.43.Final-linux-x86_64.jar;E:\Maven\repository\io\netty\netty-transport-native-unix-common\4.1.43.Final\netty-transport-native-unix-common-4.1.43.Final.jar;E:\Maven\repository\io\projectreactor\reactor-core\3.3.1.RELEASE\reactor-core-3.3.1.RELEASE.jar;E:\Maven\repository\org\reactivestreams\reactive-streams\1.0.3\reactive-streams-1.0.3.jar;E:\Maven\repository\io\netty\netty-tcnative-boringssl-static\2.0.28.Final\netty-tcnative-boringssl-static-2.0.28.Final.jar;E:\Maven\repository\io\rsocket\rsocket-core\1.0.0-RC5\rsocket-core-1.0.0-RC5.jar;E:\Maven\repository\io\netty\netty-buffer\4.1.43.Final\netty-buffer-4.1.43.Final.jar;E:\Maven\repository\io\rsocket\rsocket-transport-netty\1.0.0-RC5\rsocket-transport-netty-1.0.0-RC5.jar;E:\Maven\repository\io\undertow\undertow-servlet\2.0.28.Final\undertow-servlet-2.0.28.Final.jar;E:\Maven\repository\io\undertow\undertow-core\2.0.28.Final\undertow-core-2.0.28.Final.jar;E:\Maven\repository\org\jboss\xnio\xnio-api\3.3.8.Final\xnio-api-3.3.8.Final.jar;E:\Maven\repository\org\jboss\xnio\xnio-nio\3.3.8.Final\xnio-nio-3.3.8.Final.jar;E:\Maven\repository\org\jboss\spec\javax\servlet\jboss-servlet-api_4.0_spec\1.0.0.Final\jboss-servlet-api_4.0_spec-1.0.0.Final.jar;E:\Maven\repository\org\jboss\spec\javax\annotation\jboss-annotations-api_1.2_spec\1.0.2.Final\jboss-annotations-api_1.2_spec-1.0.2.Final.jar;E:\Maven\repository\jakarta\jms\jakarta.jms-api\2.0.3\jakarta.jms-api-2.0.3.jar;E:\Maven\repository\jakarta\servlet\jakarta.servlet-api\4.0.3\jakarta.servlet-api-4.0.3.jar;E:\Maven\repository\jakarta\validation\jakarta.validation-api\2.0.1\jakarta.validation-api-2.0.1.jar;E:\Maven\repository\junit\junit\4.12\junit-4.12.jar;E:\Maven\repository\org\apache\commons\commons-dbcp2\2.7.0\commons-dbcp2-2.7.0.jar;E:\Maven\repository\org\apache\commons\commons-pool2\2.7.0\commons-pool2-2.7.0.jar;E:\Maven\repository\org\apache\httpcomponents\httpclient\4.5.10\httpclient-4.5.10.jar;E:\Maven\repository\org\apache\httpcomponents\httpcore\4.4.12\httpcore-4.4.12.jar;E:\Maven\repository\commons-codec\commons-codec\1.13\commons-codec-1.13.jar;E:\Maven\repository\org\apache\logging\log4j\log4j-api\2.12.1\log4j-api-2.12.1.jar;E:\Maven\repository\org\apache\logging\log4j\log4j-core\2.12.1\log4j-core-2.12.1.jar;E:\Maven\repository\org\apache\tomcat\embed\tomcat-embed-core\9.0.29\tomcat-embed-core-9.0.29.jar;E:\Maven\repository\org\apache\tomcat\tomcat-annotations-api\9.0.29\tomcat-annotations-api-9.0.29.jar;E:\Maven\repository\org\apache\tomcat\embed\tomcat-embed-jasper\9.0.29\tomcat-embed-jasper-9.0.29.jar;E:\Maven\repository\org\apache\tomcat\embed\tomcat-embed-el\9.0.29\tomcat-embed-el-9.0.29.jar;E:\Maven\repository\org\eclipse\jdt\ecj\3.18.0\ecj-3.18.0.jar;E:\Maven\repository\org\apache\tomcat\tomcat-jdbc\9.0.29\tomcat-jdbc-9.0.29.jar;E:\Maven\repository\org\apache\tomcat\tomcat-juli\9.0.29\tomcat-juli-9.0.29.jar;E:\Maven\repository\org\assertj\assertj-core\3.13.2\assertj-core-3.13.2.jar;E:\Maven\repository\org\codehaus\btm\btm\2.1.4\btm-2.1.4.jar;E:\Maven\repository\org\codehaus\groovy\groovy\2.5.8\groovy-2.5.8.jar;E:\Maven\repository\org\codehaus\groovy\groovy-xml\2.5.8\groovy-xml-2.5.8.jar;E:\Maven\repository\org\eclipse\jetty\jetty-servlets\9.4.24.v20191120\jetty-servlets-9.4.24.v20191120.jar;E:\Maven\repository\org\eclipse\jetty\jetty-continuation\9.4.24.v20191120\jetty-continuation-9.4.24.v20191120.jar;E:\Maven\repository\org\eclipse\jetty\jetty-http\9.4.24.v20191120\jetty-http-9.4.24.v20191120.jar;E:\Maven\repository\org\eclipse\jetty\jetty-io\9.4.24.v20191120\jetty-io-9.4.24.v20191120.jar;E:\Maven\repository\org\eclipse\jetty\jetty-util\9.4.24.v20191120\jetty-util-9.4.24.v20191120.jar;E:\Maven\repository\org\eclipse\jetty\jetty-webapp\9.4.24.v20191120\jetty-webapp-9.4.24.v20191120.jar;E:\Maven\repository\org\eclipse\jetty\jetty-xml\9.4.24.v20191120\jetty-xml-9.4.24.v20191120.jar;E:\Maven\repository\org\eclipse\jetty\jetty-servlet\9.4.24.v20191120\jetty-servlet-9.4.24.v20191120.jar;E:\Maven\repository\org\eclipse\jetty\jetty-security\9.4.24.v20191120\jetty-security-9.4.24.v20191120.jar;E:\Maven\repository\org\eclipse\jetty\jetty-alpn-conscrypt-server\9.4.24.v20191120\jetty-alpn-conscrypt-server-9.4.24.v20191120.jar;E:\Maven\repository\org\conscrypt\conscrypt-openjdk-uber\2.1.0\conscrypt-openjdk-uber-2.1.0.jar;E:\Maven\repository\org\eclipse\jetty\jetty-alpn-server\9.4.24.v20191120\jetty-alpn-server-9.4.24.v20191120.jar;E:\Maven\repository\org\eclipse\jetty\http2\http2-server\9.4.24.v20191120\http2-server-9.4.24.v20191120.jar;E:\Maven\repository\org\eclipse\jetty\http2\http2-common\9.4.24.v20191120\http2-common-9.4.24.v20191120.jar;E:\Maven\repository\org\eclipse\jetty\http2\http2-hpack\9.4.24.v20191120\http2-hpack-9.4.24.v20191120.jar;E:\Maven\repository\org\eclipse\jetty\jetty-server\9.4.24.v20191120\jetty-server-9.4.24.v20191120.jar;E:\Maven\repository\org\hamcrest\hamcrest\2.1\hamcrest-2.1.jar;E:\Maven\repository\org\hibernate\hibernate-core\5.4.9.Final\hibernate-core-5.4.9.Final.jar;E:\Maven\repository\org\jboss\logging\jboss-logging\3.4.1.Final\jboss-logging-3.4.1.Final.jar;E:\Maven\repository\org\javassist\javassist\3.24.0-GA\javassist-3.24.0-GA.jar;E:\Maven\repository\net\bytebuddy\byte-buddy\1.10.4\byte-buddy-1.10.4.jar;E:\Maven\repository\antlr\antlr\2.7.7\antlr-2.7.7.jar;E:\Maven\repository\org\jboss\spec\javax\transaction\jboss-transaction-api_1.2_spec\1.1.1.Final\jboss-transaction-api_1.2_spec-1.1.1.Final.jar;E:\Maven\repository\org\jboss\jandex\2.1.1.Final\jandex-2.1.1.Final.jar;E:\Maven\repository\com\fasterxml\classmate\1.5.1\classmate-1.5.1.jar;E:\Maven\repository\org\dom4j\dom4j\2.1.1\dom4j-2.1.1.jar;E:\Maven\repository\org\hibernate\common\hibernate-commons-annotations\5.1.0.Final\hibernate-commons-annotations-5.1.0.Final.jar;E:\Maven\repository\org\glassfish\jaxb\jaxb-runtime\2.3.2\jaxb-runtime-2.3.2.jar;E:\Maven\repository\org\glassfish\jaxb\txw2\2.3.2\txw2-2.3.2.jar;E:\Maven\repository\com\sun\istack\istack-commons-runtime\3.0.8\istack-commons-runtime-3.0.8.jar;E:\Maven\repository\com\sun\xml\fastinfoset\FastInfoset\1.2.16\FastInfoset-1.2.16.jar;E:\Maven\repository\org\hibernate\validator\hibernate-validator\6.0.18.Final\hibernate-validator-6.0.18.Final.jar;E:\Maven\repository\org\jboss\jboss-transaction-spi\7.6.0.Final\jboss-transaction-spi-7.6.0.Final.jar;E:\Maven\repository\org\jboss\spec\javax\resource\jboss-connector-api_1.7_spec\1.0.0.Final\jboss-connector-api_1.7_spec-1.0.0.Final.jar;E:\Maven\repository\org\liquibase\liquibase-core\3.8.2\liquibase-core-3.8.2.jar;E:\Maven\repository\org\neo4j\neo4j-ogm-core\3.2.3\neo4j-ogm-core-3.2.3.jar;E:\Maven\repository\org\neo4j\neo4j-ogm-api\3.2.3\neo4j-ogm-api-3.2.3.jar;E:\Maven\repository\com\fasterxml\jackson\datatype\jackson-datatype-jdk8\2.10.1\jackson-datatype-jdk8-2.10.1.jar;E:\Maven\repository\com\fasterxml\jackson\datatype\jackson-datatype-jsr310\2.10.1\jackson-datatype-jsr310-2.10.1.jar;E:\Maven\repository\org\apache\commons\commons-lang3\3.9\commons-lang3-3.9.jar;E:\Maven\repository\io\github\classgraph\classgraph\4.8.41\classgraph-4.8.41.jar;E:\Maven\repository\org\slf4j\jul-to-slf4j\1.7.29\jul-to-slf4j-1.7.29.jar;E:\Maven\repository\org\slf4j\slf4j-api\1.7.29\slf4j-api-1.7.29.jar;E:\Maven\repository\org\springframework\spring-messaging\5.2.2.RELEASE\spring-messaging-5.2.2.RELEASE.jar;E:\Maven\repository\org\springframework\spring-orm\5.2.2.RELEASE\spring-orm-5.2.2.RELEASE.jar;E:\Maven\repository\org\springframework\spring-jdbc\5.2.2.RELEASE\spring-jdbc-5.2.2.RELEASE.jar;E:\Maven\repository\org\springframework\spring-tx\5.2.2.RELEASE\spring-tx-5.2.2.RELEASE.jar;E:\Maven\repository\org\springframework\spring-oxm\5.2.2.RELEASE\spring-oxm-5.2.2.RELEASE.jar;E:\Maven\repository\org\springframework\spring-test\5.2.2.RELEASE\spring-test-5.2.2.RELEASE.jar;E:\Maven\repository\org\springframework\spring-web\5.2.2.RELEASE\spring-web-5.2.2.RELEASE.jar;E:\Maven\repository\org\springframework\spring-webflux\5.2.2.RELEASE\spring-webflux-5.2.2.RELEASE.jar;E:\Maven\repository\org\springframework\spring-webmvc\5.2.2.RELEASE\spring-webmvc-5.2.2.RELEASE.jar;E:\Maven\repository\org\springframework\security\spring-security-web\5.2.1.RELEASE\spring-security-web-5.2.1.RELEASE.jar;E:\Maven\repository\org\springframework\security\spring-security-core\5.2.1.RELEASE\spring-security-core-5.2.1.RELEASE.jar;E:\Maven\repository\org\springframework\ws\spring-ws-core\3.0.8.RELEASE\spring-ws-core-3.0.8.RELEASE.jar;E:\Maven\repository\org\springframework\ws\spring-xml\3.0.8.RELEASE\spring-xml-3.0.8.RELEASE.jar;E:\Maven\repository\org\yaml\snakeyaml\1.25\snakeyaml-1.25.jar;E:\Maven\repository\org\jetbrains\kotlin\kotlin-reflect\1.3.61\kotlin-reflect-1.3.61.jar;E:\Maven\repository\org\jetbrains\kotlin\kotlin-stdlib\1.3.61\kotlin-stdlib-1.3.61.jar;E:\Maven\repository\org\jetbrains\kotlin\kotlin-stdlib-common\1.3.61\kotlin-stdlib-common-1.3.61.jar;E:\Maven\repository\org\jetbrains\annotations\13.0\annotations-13.0.jar;E:\Maven\repository\org\springframework\boot\spring-boot-configuration-processor\2.2.2.RELEASE\spring-boot-configuration-processor-2.2.2.RELEASE.jar;E:\Maven\repository\org\springframework\boot\spring-boot-test-support\2.2.2.RELEASE\spring-boot-test-support-2.2.2.RELEASE.jar;E:\Maven\repository\org\apache\maven\resolver\maven-resolver-connector-basic\1.1.1\maven-resolver-connector-basic-1.1.1.jar;E:\Maven\repository\org\apache\maven\resolver\maven-resolver-api\1.1.1\maven-resolver-api-1.1.1.jar;E:\Maven\repository\org\apache\maven\resolver\maven-resolver-spi\1.1.1\maven-resolver-spi-1.1.1.jar;E:\Maven\repository\org\apache\maven\resolver\maven-resolver-util\1.1.1\maven-resolver-util-1.1.1.jar;E:\Maven\repository\org\apache\maven\resolver\maven-resolver-impl\1.1.1\maven-resolver-impl-1.1.1.jar;E:\Maven\repository\org\apache\maven\maven-resolver-provider\3.5.4\maven-resolver-provider-3.5.4.jar;E:\Maven\repository\org\apache\maven\maven-model\3.5.4\maven-model-3.5.4.jar;E:\Maven\repository\org\apache\maven\maven-model-builder\3.5.4\maven-model-builder-3.5.4.jar;E:\Maven\repository\org\codehaus\plexus\plexus-interpolation\1.24\plexus-interpolation-1.24.jar;E:\Maven\repository\org\codehaus\plexus\plexus-component-annotations\1.7.1\plexus-component-annotations-1.7.1.jar;E:\Maven\repository\org\apache\maven\maven-artifact\3.5.4\maven-artifact-3.5.4.jar;E:\Maven\repository\org\apache\maven\maven-builder-support\3.5.4\maven-builder-support-3.5.4.jar;E:\Maven\repository\org\apache\maven\maven-repository-metadata\3.5.4\maven-repository-metadata-3.5.4.jar;E:\Maven\repository\org\codehaus\plexus\plexus-utils\3.1.0\plexus-utils-3.1.0.jar;E:\Maven\repository\javax\inject\javax.inject\1\javax.inject-1.jar;E:\Maven\repository\org\apache\maven\resolver\maven-resolver-transport-http\1.1.1\maven-resolver-transport-http-1.1.1.jar;E:\Maven\repository\com\google\appengine\appengine-api-1.0-sdk\1.9.77\appengine-api-1.0-sdk-1.9.77.jar;E:\Maven\repository\com\h2database\h2\1.4.200\h2-1.4.200.jar;E:\Maven\repository\com\ibm\db2\jcc\11.5.0.0\jcc-11.5.0.0.jar;E:\Maven\repository\com\jayway\jsonpath\json-path\2.4.0\json-path-2.4.0.jar;E:\Maven\repository\net\minidev\json-smart\2.3\json-smart-2.3.jar;E:\Maven\repository\net\minidev\accessors-smart\1.2\accessors-smart-1.2.jar;E:\Maven\repository\org\ow2\asm\asm\5.0.4\asm-5.0.4.jar;E:\Maven\repository\com\microsoft\sqlserver\mssql-jdbc\7.4.1.jre8\mssql-jdbc-7.4.1.jre8.jar;E:\Maven\repository\com\squareup\okhttp3\okhttp\3.14.4\okhttp-3.14.4.jar;E:\Maven\repository\com\squareup\okio\okio\1.17.2\okio-1.17.2.jar;E:\Maven\repository\com\sun\xml\messaging\saaj\saaj-impl\1.5.1\saaj-impl-1.5.1.jar;E:\Maven\repository\jakarta\xml\bind\jakarta.xml.bind-api\2.3.2\jakarta.xml.bind-api-2.3.2.jar;E:\Maven\repository\jakarta\activation\jakarta.activation-api\1.2.1\jakarta.activation-api-1.2.1.jar;E:\Maven\repository\jakarta\xml\soap\jakarta.xml.soap-api\1.4.1\jakarta.xml.soap-api-1.4.1.jar;E:\Maven\repository\org\jvnet\mimepull\mimepull\1.9.12\mimepull-1.9.12.jar;E:\Maven\repository\org\jvnet\staxex\stax-ex\1.8.1\stax-ex-1.8.1.jar;E:\Maven\repository\io\projectreactor\reactor-test\3.3.1.RELEASE\reactor-test-3.3.1.RELEASE.jar;E:\Maven\repository\jakarta\persistence\jakarta.persistence-api\2.2.3\jakarta.persistence-api-2.2.3.jar;E:\Maven\repository\jakarta\xml\ws\jakarta.xml.ws-api\2.3.2\jakarta.xml.ws-api-2.3.2.jar;E:\Maven\repository\jakarta\annotation\jakarta.annotation-api\1.3.5\jakarta.annotation-api-1.3.5.jar;E:\Maven\repository\jakarta\jws\jakarta.jws-api\1.1.1\jakarta.jws-api-1.1.1.jar;E:\Maven\repository\mysql\mysql-connector-java\8.0.18\mysql-connector-java-8.0.18.jar;E:\Maven\repository\net\sourceforge\jtds\jtds\1.3.1\jtds-1.3.1.jar;E:\Maven\repository\org\apache\derby\derby\10.14.2.0\derby-10.14.2.0.jar;E:\Maven\repository\org\apache\httpcomponents\httpasyncclient\4.1.4\httpasyncclient-4.1.4.jar;E:\Maven\repository\org\apache\httpcomponents\httpcore-nio\4.4.12\httpcore-nio-4.4.12.jar;E:\Maven\repository\org\awaitility\awaitility\4.0.1\awaitility-4.0.1.jar;E:\Maven\repository\org\firebirdsql\jdbc\jaybird-jdk18\3.0.8\jaybird-jdk18-3.0.8.jar;E:\Maven\repository\org\antlr\antlr4-runtime\4.7\antlr4-runtime-4.7.jar;E:\Maven\repository\org\hsqldb\hsqldb\2.5.0\hsqldb-2.5.0.jar;E:\Maven\repository\org\mariadb\jdbc\mariadb-java-client\2.4.4\mariadb-java-client-2.4.4.jar;E:\Maven\repository\org\mockito\mockito-core\3.1.0\mockito-core-3.1.0.jar;E:\Maven\repository\net\bytebuddy\byte-buddy-agent\1.10.4\byte-buddy-agent-1.10.4.jar;E:\Maven\repository\org\objenesis\objenesis\2.6\objenesis-2.6.jar;E:\Maven\repository\org\postgresql\postgresql\42.2.8\postgresql-42.2.8.jar;E:\Maven\repository\org\springframework\spring-context-support\5.2.2.RELEASE\spring-context-support-5.2.2.RELEASE.jar;E:\Maven\repository\org\springframework\data\spring-data-redis\2.2.3.RELEASE\spring-data-redis-2.2.3.RELEASE.jar;E:\Maven\repository\org\springframework\data\spring-data-keyvalue\2.2.3.RELEASE\spring-data-keyvalue-2.2.3.RELEASE.jar;E:\Maven\repository\org\springframework\data\spring-data-commons\2.2.3.RELEASE\spring-data-commons-2.2.3.RELEASE.jar;E:\Maven\repository\org\xerial\sqlite-jdbc\3.28.0\sqlite-jdbc-3.28.0.jar;E:\Maven\repository\org\junit\jupiter\junit-jupiter\5.5.2\junit-jupiter-5.5.2.jar;E:\Maven\repository\org\junit\jupiter\junit-jupiter-api\5.5.2\junit-jupiter-api-5.5.2.jar;E:\Maven\repository\org\opentest4j\opentest4j\1.2.0\opentest4j-1.2.0.jar;E:\Maven\repository\org\junit\platform\junit-platform-commons\1.5.2\junit-platform-commons-1.5.2.jar;E:\Maven\repository\org\junit\jupiter\junit-jupiter-params\5.5.2\junit-jupiter-params-5.5.2.jar;E:\Maven\repository\org\junit\jupiter\junit-jupiter-engine\5.5.2\junit-jupiter-engine-5.5.2.jar;E:\Maven\repository\org\junit\vintage\junit-vintage-engine\5.5.2\junit-vintage-engine-5.5.2.jar;E:\Maven\repository\org\apiguardian\apiguardian-api\1.1.0\apiguardian-api-1.1.0.jar;E:\Maven\repository\org\junit\platform\junit-platform-engine\1.5.2\junit-platform-engine-1.5.2.jar;E:\Maven\repository\org\mockito\mockito-junit-jupiter\3.1.0\mockito-junit-jupiter-3.1.0.jar;"/>
    <property name="sun.cpu.endian" value="little"/>
    <property name="user.home" value="C:\Users\Administrator"/>
    <property name="user.language" value="zh"/>
    <property name="java.specification.vendor" value="Oracle Corporation"/>
    <property name="java.version.date" value="2019-07-16"/>
    <property name="java.home" value="E:\JetBrains\IntelliJ IDEA 2019.2.4\jbr"/>
    <property name="file.separator" value="\"/>
    <property name="basedir" value="F:\source\spring-boot-2.2.2.RELEASE\spring-boot-project\spring-boot"/>
    <property name="java.vm.compressedOopsMode" value="32-bit"/>
    <property name="line.separator" value="&#10;"/>
    <property name="idea.version2019.2.4" value="true"/>
    <property name="java.specification.name" value="Java Platform API Specification"/>
    <property name="java.vm.specification.vendor" value="Oracle Corporation"/>
    <property name="java.awt.graphicsenv" value="sun.awt.Win32GraphicsEnvironment"/>
    <property name="java.awt.headless" value="true"/>
    <property name="surefire.real.class.path" value="C:\Users\ADMINI~1\AppData\Local\Temp\surefire341311105700282355\surefirebooter9301645443419891352.jar"/>
    <property name="user.script" value=""/>
    <property name="sun.management.compiler" value="HotSpot 64-Bit Tiered Compilers"/>
    <property name="java.runtime.version" value="11.0.4+10-b304.77"/>
    <property name="user.name" value="Administrator"/>
    <property name="path.separator" value=";"/>
    <property name="java.security.egd" value="file:/dev/./urandom"/>
    <property name="os.version" value="10.0"/>
    <property name="java.runtime.name" value="OpenJDK Runtime Environment"/>
    <property name="file.encoding" value="GBK"/>
    <property name="java.vm.name" value="OpenJDK 64-Bit Server VM"/>
    <property name="localRepository" value="E:\Maven\repository"/>
    <property name="java.vendor.url.bug" value="https://youtrack.jetbrains.com"/>
    <property name="java.io.tmpdir" value="C:\Users\ADMINI~1\AppData\Local\Temp\"/>
    <property name="java.version" value="11.0.4"/>
    <property name="user.dir" value="F:\source\spring-boot-2.2.2.RELEASE\spring-boot-project\spring-boot"/>
    <property name="os.arch" value="amd64"/>
    <property name="java.vm.specification.name" value="Java Virtual Machine Specification"/>
    <property name="java.awt.printerjob" value="sun.awt.windows.WPrinterJob"/>
    <property name="sun.os.patch.level" value=""/>
    <property name="java.library.path" value="E:\JetBrains\IntelliJ IDEA 2019.2.4\jbr\bin;C:\Windows\Sun\Java\bin;C:\Windows\system32;C:\Windows;E:\NetSarang\Xftp 6\;E:\NetSarang\Xshell 6\;C:\Program Files (x86)\Common Files\Oracle\Java\javapath;C:\Windows\system32;C:\Windows;C:\Windows\System32\Wbem;C:\Windows\System32\WindowsPowerShell\v1.0\;E:\Git\cmd;."/>
    <property name="java.vendor" value="JetBrains s.r.o"/>
    <property name="java.vm.info" value="mixed mode, sharing"/>
    <property name="java.vm.version" value="11.0.4+10-b304.77"/>
    <property name="sun.io.unicode.encoding" value="UnicodeLittle"/>
    <property name="maven.repo.local" value="E:\Maven\repository"/>
    <property name="java.class.version" value="55.0"/>
  </properties>
  <testcase name="serverHeaderIsDisabledByDefault" classname="org.springframework.boot.web.embedded.undertow.UndertowServletWebServerFactoryTests" time="0.166"/>
  <testcase name="errorPageFromPutRequest" classname="org.springframework.boot.web.embedded.undertow.UndertowServletWebServerFactoryTests" time="0.043"/>
  <testcase name="getValidSessionStoreWhenSessionStoreNotSet" classname="org.springframework.boot.web.embedded.undertow.UndertowServletWebServerFactoryTests" time="0.042"/>
  <testcase name="sslSessionTracking" classname="org.springframework.boot.web.embedded.undertow.UndertowServletWebServerFactoryTests" time="0.021"/>
  <testcase name="jspServletIsNotInDevelopmentModeByDefault" classname="org.springframework.boot.web.embedded.undertow.UndertowServletWebServerFactoryTests" time="0">
    <skipped message="Assumption failed: assumption is not false" type="org.opentest4j.TestAbortedException">org.opentest4j.TestAbortedException: Assumption failed: assumption is not false
	at org.junit.jupiter.api.Assumptions.throwTestAbortedException(Assumptions.java:256)
	at org.junit.jupiter.api.Assumptions.assumeFalse(Assumptions.java:191)
	at org.junit.jupiter.api.Assumptions.assumeFalse(Assumptions.java:142)
	at org.springframework.boot.web.servlet.server.AbstractServletWebServerFactoryTests.jspServletIsNotInDevelopmentModeByDefault(AbstractServletWebServerFactoryTests.java:876)
	at java.base/jdk.internal.reflect.NativeMethodAccessorImpl.invoke0(Native Method)
	at java.base/jdk.internal.reflect.NativeMethodAccessorImpl.invoke(NativeMethodAccessorImpl.java:62)
	at java.base/jdk.internal.reflect.DelegatingMethodAccessorImpl.invoke(DelegatingMethodAccessorImpl.java:43)
	at java.base/java.lang.reflect.Method.invoke(Method.java:566)
	at org.junit.platform.commons.util.ReflectionUtils.invokeMethod(ReflectionUtils.java:675)
	at org.junit.jupiter.engine.execution.MethodInvocation.proceed(MethodInvocation.java:60)
	at org.junit.jupiter.engine.execution.InvocationInterceptorChain$ValidatingInvocation.proceed(InvocationInterceptorChain.java:125)
	at org.junit.jupiter.engine.extension.TimeoutExtension.intercept(TimeoutExtension.java:132)
	at org.junit.jupiter.engine.extension.TimeoutExtension.interceptTestableMethod(TimeoutExtension.java:124)
	at org.junit.jupiter.engine.extension.TimeoutExtension.interceptTestMethod(TimeoutExtension.java:74)
	at org.junit.jupiter.engine.execution.ExecutableInvoker$ReflectiveInterceptorCall.lambda$ofVoidMethod$0(ExecutableInvoker.java:115)
	at org.junit.jupiter.engine.execution.ExecutableInvoker.lambda$invoke$0(ExecutableInvoker.java:105)
	at org.junit.jupiter.engine.execution.InvocationInterceptorChain$InterceptedInvocation.proceed(InvocationInterceptorChain.java:104)
	at org.junit.jupiter.engine.execution.InvocationInterceptorChain.proceed(InvocationInterceptorChain.java:62)
	at org.junit.jupiter.engine.execution.InvocationInterceptorChain.chainAndInvoke(InvocationInterceptorChain.java:43)
	at org.junit.jupiter.engine.execution.InvocationInterceptorChain.invoke(InvocationInterceptorChain.java:35)
	at org.junit.jupiter.engine.execution.ExecutableInvoker.invoke(ExecutableInvoker.java:104)
	at org.junit.jupiter.engine.execution.ExecutableInvoker.invoke(ExecutableInvoker.java:98)
	at org.junit.jupiter.engine.descriptor.TestMethodTestDescriptor.lambda$invokeTestMethod$6(TestMethodTestDescriptor.java:202)
	at org.junit.platform.engine.support.hierarchical.ThrowableCollector.execute(ThrowableCollector.java:73)
	at org.junit.jupiter.engine.descriptor.TestMethodTestDescriptor.invokeTestMethod(TestMethodTestDescriptor.java:198)
	at org.junit.jupiter.engine.descriptor.TestMethodTestDescriptor.execute(TestMethodTestDescriptor.java:135)
	at org.junit.jupiter.engine.descriptor.TestMethodTestDescriptor.execute(TestMethodTestDescriptor.java:69)
	at org.junit.platform.engine.support.hierarchical.NodeTestTask.lambda$executeRecursively$5(NodeTestTask.java:135)
	at org.junit.platform.engine.support.hierarchical.ThrowableCollector.execute(ThrowableCollector.java:73)
	at org.junit.platform.engine.support.hierarchical.NodeTestTask.lambda$executeRecursively$7(NodeTestTask.java:125)
	at org.junit.platform.engine.support.hierarchical.Node.around(Node.java:135)
	at org.junit.platform.engine.support.hierarchical.NodeTestTask.lambda$executeRecursively$8(NodeTestTask.java:123)
	at org.junit.platform.engine.support.hierarchical.ThrowableCollector.execute(ThrowableCollector.java:73)
	at org.junit.platform.engine.support.hierarchical.NodeTestTask.executeRecursively(NodeTestTask.java:122)
	at org.junit.platform.engine.support.hierarchical.NodeTestTask.execute(NodeTestTask.java:80)
	at java.base/java.util.ArrayList.forEach(ArrayList.java:1540)
	at org.junit.platform.engine.support.hierarchical.SameThreadHierarchicalTestExecutorService.invokeAll(SameThreadHierarchicalTestExecutorService.java:38)
	at org.junit.platform.engine.support.hierarchical.NodeTestTask.lambda$executeRecursively$5(NodeTestTask.java:139)
	at org.junit.platform.engine.support.hierarchical.ThrowableCollector.execute(ThrowableCollector.java:73)
	at org.junit.platform.engine.support.hierarchical.NodeTestTask.lambda$executeRecursively$7(NodeTestTask.java:125)
	at org.junit.platform.engine.support.hierarchical.Node.around(Node.java:135)
	at org.junit.platform.engine.support.hierarchical.NodeTestTask.lambda$executeRecursively$8(NodeTestTask.java:123)
	at org.junit.platform.engine.support.hierarchical.ThrowableCollector.execute(ThrowableCollector.java:73)
	at org.junit.platform.engine.support.hierarchical.NodeTestTask.executeRecursively(NodeTestTask.java:122)
	at org.junit.platform.engine.support.hierarchical.NodeTestTask.execute(NodeTestTask.java:80)
	at java.base/java.util.ArrayList.forEach(ArrayList.java:1540)
	at org.junit.platform.engine.support.hierarchical.SameThreadHierarchicalTestExecutorService.invokeAll(SameThreadHierarchicalTestExecutorService.java:38)
	at org.junit.platform.engine.support.hierarchical.NodeTestTask.lambda$executeRecursively$5(NodeTestTask.java:139)
	at org.junit.platform.engine.support.hierarchical.ThrowableCollector.execute(ThrowableCollector.java:73)
	at org.junit.platform.engine.support.hierarchical.NodeTestTask.lambda$executeRecursively$7(NodeTestTask.java:125)
	at org.junit.platform.engine.support.hierarchical.Node.around(Node.java:135)
	at org.junit.platform.engine.support.hierarchical.NodeTestTask.lambda$executeRecursively$8(NodeTestTask.java:123)
	at org.junit.platform.engine.support.hierarchical.ThrowableCollector.execute(ThrowableCollector.java:73)
	at org.junit.platform.engine.support.hierarchical.NodeTestTask.executeRecursively(NodeTestTask.java:122)
	at org.junit.platform.engine.support.hierarchical.NodeTestTask.execute(NodeTestTask.java:80)
	at org.junit.platform.engine.support.hierarchical.SameThreadHierarchicalTestExecutorService.submit(SameThreadHierarchicalTestExecutorService.java:32)
	at org.junit.platform.engine.support.hierarchical.HierarchicalTestExecutor.execute(HierarchicalTestExecutor.java:57)
	at org.junit.platform.engine.support.hierarchical.HierarchicalTestEngine.execute(HierarchicalTestEngine.java:51)
	at org.junit.platform.launcher.core.DefaultLauncher.execute(DefaultLauncher.java:220)
	at org.junit.platform.launcher.core.DefaultLauncher.lambda$execute$6(DefaultLauncher.java:188)
	at org.junit.platform.launcher.core.DefaultLauncher.withInterceptedStreams(DefaultLauncher.java:202)
	at org.junit.platform.launcher.core.DefaultLauncher.execute(DefaultLauncher.java:181)
	at org.junit.platform.launcher.core.DefaultLauncher.execute(DefaultLauncher.java:128)
	at org.apache.maven.surefire.junitplatform.JUnitPlatformProvider.invokeAllTests(JUnitPlatformProvider.java:150)
	at org.apache.maven.surefire.junitplatform.JUnitPlatformProvider.invoke(JUnitPlatformProvider.java:124)
	at org.apache.maven.surefire.booter.ForkedBooter.invokeProviderInSameClassLoader(ForkedBooter.java:384)
	at org.apache.maven.surefire.booter.ForkedBooter.runSuitesInProcess(ForkedBooter.java:345)
	at org.apache.maven.surefire.booter.ForkedBooter.execute(ForkedBooter.java:126)
	at org.apache.maven.surefire.booter.ForkedBooter.main(ForkedBooter.java:418)
</skipped>
  </testcase>
  <testcase name="sessionCookieConfiguration" classname="org.springframework.boot.web.embedded.undertow.UndertowServletWebServerFactoryTests" time="0.027"/>
  <testcase name="contextRootPathMustNotBeSlash" classname="org.springframework.boot.web.embedded.undertow.UndertowServletWebServerFactoryTests" time="0.001"/>
  <testcase name="documentRoot" classname="org.springframework.boot.web.embedded.undertow.UndertowServletWebServerFactoryTests" time="0.048"/>
  <testcase name="mimeType" classname="org.springframework.boot.web.embedded.undertow.UndertowServletWebServerFactoryTests" time="0.04"/>
  <testcase name="basicSslFromFileSystem" classname="org.springframework.boot.web.embedded.undertow.UndertowServletWebServerFactoryTests" time="0.056"/>
  <testcase name="startBlocksUntilReadyToServe" classname="org.springframework.boot.web.embedded.undertow.UndertowServletWebServerFactoryTests" time="0.563"/>
  <testcase name="specificPort" classname="org.springframework.boot.web.embedded.undertow.UndertowServletWebServerFactoryTests" time="0.032"/>
  <testcase name="faultyFilterCausesStartFailure" classname="org.springframework.boot.web.embedded.undertow.UndertowServletWebServerFactoryTests" time="0.029"/>
  <testcase name="compressionOfResponseToGetRequest" classname="org.springframework.boot.web.embedded.undertow.UndertowServletWebServerFactoryTests" time="0.037"/>
  <testcase name="sslWantsClientAuthenticationSucceedsWithClientCertificate" classname="org.springframework.boot.web.embedded.undertow.UndertowServletWebServerFactoryTests" time="0.068"/>
  <testcase name="startCalledTwice{CapturedOutput}" classname="org.springframework.boot.web.embedded.undertow.UndertowServletWebServerFactoryTests" time="0.045"/>
  <testcase name="sslWantsClientAuthenticationSucceedsWithoutClientCertificate" classname="org.springframework.boot.web.embedded.undertow.UndertowServletWebServerFactoryTests" time="0.047"/>
  <testcase name="customServerHeader" classname="org.springframework.boot.web.embedded.undertow.UndertowServletWebServerFactoryTests" time="0.029"/>
  <testcase name="startServletAndFilter" classname="org.springframework.boot.web.embedded.undertow.UndertowServletWebServerFactoryTests" time="0.033"/>
  <testcase name="sessionConfiguration" classname="org.springframework.boot.web.embedded.undertow.UndertowServletWebServerFactoryTests" time="0.03"/>
  <testcase name="emptyServerWhenPortIsMinusOne" classname="org.springframework.boot.web.embedded.undertow.UndertowServletWebServerFactoryTests" time="0.028"/>
  <testcase name="persistSession" classname="org.springframework.boot.web.embedded.undertow.UndertowServletWebServerFactoryTests" time="0.139"/>
  <testcase name="stopCalledTwice" classname="org.springframework.boot.web.embedded.undertow.UndertowServletWebServerFactoryTests" time="0.03"/>
  <testcase name="getValidSessionStoreWhenSessionStoreReferencesFile" classname="org.springframework.boot.web.embedded.undertow.UndertowServletWebServerFactoryTests" time="0.003"/>
  <testcase name="serverHeaderCanBeCustomizedWhenUsingSsl" classname="org.springframework.boot.web.embedded.undertow.UndertowServletWebServerFactoryTests" time="0.103"/>
  <testcase name="contextPathMustStartWithSlash" classname="org.springframework.boot.web.embedded.undertow.UndertowServletWebServerFactoryTests" time="0.001"/>
  <testcase name="jspServletInitParameters" classname="org.springframework.boot.web.embedded.undertow.UndertowServletWebServerFactoryTests" time="0">
    <skipped message="Assumption failed: assumption is not false" type="org.opentest4j.TestAbortedException">org.opentest4j.TestAbortedException: Assumption failed: assumption is not false
	at org.junit.jupiter.api.Assumptions.throwTestAbortedException(Assumptions.java:256)
	at org.junit.jupiter.api.Assumptions.assumeFalse(Assumptions.java:191)
	at org.junit.jupiter.api.Assumptions.assumeFalse(Assumptions.java:142)
	at org.springframework.boot.web.servlet.server.AbstractServletWebServerFactoryTests.jspServletInitParameters(AbstractServletWebServerFactoryTests.java:867)
	at java.base/jdk.internal.reflect.NativeMethodAccessorImpl.invoke0(Native Method)
	at java.base/jdk.internal.reflect.NativeMethodAccessorImpl.invoke(NativeMethodAccessorImpl.java:62)
	at java.base/jdk.internal.reflect.DelegatingMethodAccessorImpl.invoke(DelegatingMethodAccessorImpl.java:43)
	at java.base/java.lang.reflect.Method.invoke(Method.java:566)
	at org.junit.platform.commons.util.ReflectionUtils.invokeMethod(ReflectionUtils.java:675)
	at org.junit.jupiter.engine.execution.MethodInvocation.proceed(MethodInvocation.java:60)
	at org.junit.jupiter.engine.execution.InvocationInterceptorChain$ValidatingInvocation.proceed(InvocationInterceptorChain.java:125)
	at org.junit.jupiter.engine.extension.TimeoutExtension.intercept(TimeoutExtension.java:132)
	at org.junit.jupiter.engine.extension.TimeoutExtension.interceptTestableMethod(TimeoutExtension.java:124)
	at org.junit.jupiter.engine.extension.TimeoutExtension.interceptTestMethod(TimeoutExtension.java:74)
	at org.junit.jupiter.engine.execution.ExecutableInvoker$ReflectiveInterceptorCall.lambda$ofVoidMethod$0(ExecutableInvoker.java:115)
	at org.junit.jupiter.engine.execution.ExecutableInvoker.lambda$invoke$0(ExecutableInvoker.java:105)
	at org.junit.jupiter.engine.execution.InvocationInterceptorChain$InterceptedInvocation.proceed(InvocationInterceptorChain.java:104)
	at org.junit.jupiter.engine.execution.InvocationInterceptorChain.proceed(InvocationInterceptorChain.java:62)
	at org.junit.jupiter.engine.execution.InvocationInterceptorChain.chainAndInvoke(InvocationInterceptorChain.java:43)
	at org.junit.jupiter.engine.execution.InvocationInterceptorChain.invoke(InvocationInterceptorChain.java:35)
	at org.junit.jupiter.engine.execution.ExecutableInvoker.invoke(ExecutableInvoker.java:104)
	at org.junit.jupiter.engine.execution.ExecutableInvoker.invoke(ExecutableInvoker.java:98)
	at org.junit.jupiter.engine.descriptor.TestMethodTestDescriptor.lambda$invokeTestMethod$6(TestMethodTestDescriptor.java:202)
	at org.junit.platform.engine.support.hierarchical.ThrowableCollector.execute(ThrowableCollector.java:73)
	at org.junit.jupiter.engine.descriptor.TestMethodTestDescriptor.invokeTestMethod(TestMethodTestDescriptor.java:198)
	at org.junit.jupiter.engine.descriptor.TestMethodTestDescriptor.execute(TestMethodTestDescriptor.java:135)
	at org.junit.jupiter.engine.descriptor.TestMethodTestDescriptor.execute(TestMethodTestDescriptor.java:69)
	at org.junit.platform.engine.support.hierarchical.NodeTestTask.lambda$executeRecursively$5(NodeTestTask.java:135)
	at org.junit.platform.engine.support.hierarchical.ThrowableCollector.execute(ThrowableCollector.java:73)
	at org.junit.platform.engine.support.hierarchical.NodeTestTask.lambda$executeRecursively$7(NodeTestTask.java:125)
	at org.junit.platform.engine.support.hierarchical.Node.around(Node.java:135)
	at org.junit.platform.engine.support.hierarchical.NodeTestTask.lambda$executeRecursively$8(NodeTestTask.java:123)
	at org.junit.platform.engine.support.hierarchical.ThrowableCollector.execute(ThrowableCollector.java:73)
	at org.junit.platform.engine.support.hierarchical.NodeTestTask.executeRecursively(NodeTestTask.java:122)
	at org.junit.platform.engine.support.hierarchical.NodeTestTask.execute(NodeTestTask.java:80)
	at java.base/java.util.ArrayList.forEach(ArrayList.java:1540)
	at org.junit.platform.engine.support.hierarchical.SameThreadHierarchicalTestExecutorService.invokeAll(SameThreadHierarchicalTestExecutorService.java:38)
	at org.junit.platform.engine.support.hierarchical.NodeTestTask.lambda$executeRecursively$5(NodeTestTask.java:139)
	at org.junit.platform.engine.support.hierarchical.ThrowableCollector.execute(ThrowableCollector.java:73)
	at org.junit.platform.engine.support.hierarchical.NodeTestTask.lambda$executeRecursively$7(NodeTestTask.java:125)
	at org.junit.platform.engine.support.hierarchical.Node.around(Node.java:135)
	at org.junit.platform.engine.support.hierarchical.NodeTestTask.lambda$executeRecursively$8(NodeTestTask.java:123)
	at org.junit.platform.engine.support.hierarchical.ThrowableCollector.execute(ThrowableCollector.java:73)
	at org.junit.platform.engine.support.hierarchical.NodeTestTask.executeRecursively(NodeTestTask.java:122)
	at org.junit.platform.engine.support.hierarchical.NodeTestTask.execute(NodeTestTask.java:80)
	at java.base/java.util.ArrayList.forEach(ArrayList.java:1540)
	at org.junit.platform.engine.support.hierarchical.SameThreadHierarchicalTestExecutorService.invokeAll(SameThreadHierarchicalTestExecutorService.java:38)
	at org.junit.platform.engine.support.hierarchical.NodeTestTask.lambda$executeRecursively$5(NodeTestTask.java:139)
	at org.junit.platform.engine.support.hierarchical.ThrowableCollector.execute(ThrowableCollector.java:73)
	at org.junit.platform.engine.support.hierarchical.NodeTestTask.lambda$executeRecursively$7(NodeTestTask.java:125)
	at org.junit.platform.engine.support.hierarchical.Node.around(Node.java:135)
	at org.junit.platform.engine.support.hierarchical.NodeTestTask.lambda$executeRecursively$8(NodeTestTask.java:123)
	at org.junit.platform.engine.support.hierarchical.ThrowableCollector.execute(ThrowableCollector.java:73)
	at org.junit.platform.engine.support.hierarchical.NodeTestTask.executeRecursively(NodeTestTask.java:122)
	at org.junit.platform.engine.support.hierarchical.NodeTestTask.execute(NodeTestTask.java:80)
	at org.junit.platform.engine.support.hierarchical.SameThreadHierarchicalTestExecutorService.submit(SameThreadHierarchicalTestExecutorService.java:32)
	at org.junit.platform.engine.support.hierarchical.HierarchicalTestExecutor.execute(HierarchicalTestExecutor.java:57)
	at org.junit.platform.engine.support.hierarchical.HierarchicalTestEngine.execute(HierarchicalTestEngine.java:51)
	at org.junit.platform.launcher.core.DefaultLauncher.execute(DefaultLauncher.java:220)
	at org.junit.platform.launcher.core.DefaultLauncher.lambda$execute$6(DefaultLauncher.java:188)
	at org.junit.platform.launcher.core.DefaultLauncher.withInterceptedStreams(DefaultLauncher.java:202)
	at org.junit.platform.launcher.core.DefaultLauncher.execute(DefaultLauncher.java:181)
	at org.junit.platform.launcher.core.DefaultLauncher.execute(DefaultLauncher.java:128)
	at org.apache.maven.surefire.junitplatform.JUnitPlatformProvider.invokeAllTests(JUnitPlatformProvider.java:150)
	at org.apache.maven.surefire.junitplatform.JUnitPlatformProvider.invoke(JUnitPlatformProvider.java:124)
	at org.apache.maven.surefire.booter.ForkedBooter.invokeProviderInSameClassLoader(ForkedBooter.java:384)
	at org.apache.maven.surefire.booter.ForkedBooter.runSuitesInProcess(ForkedBooter.java:345)
	at org.apache.maven.surefire.booter.ForkedBooter.execute(ForkedBooter.java:126)
	at org.apache.maven.surefire.booter.ForkedBooter.main(ForkedBooter.java:418)
</skipped>
  </testcase>
  <testcase name="persistSessionInSpecificSessionStoreDir" classname="org.springframework.boot.web.embedded.undertow.UndertowServletWebServerFactoryTests" time="0.038"/>
  <testcase name="sslGetScheme" classname="org.springframework.boot.web.embedded.undertow.UndertowServletWebServerFactoryTests" time="0.048"/>
  <testcase name="errorPage" classname="org.springframework.boot.web.embedded.undertow.UndertowServletWebServerFactoryTests" time="0.036"/>
  <testcase name="contextPathIsLoggedOnStartup{CapturedOutput}" classname="org.springframework.boot.web.embedded.undertow.UndertowServletWebServerFactoryTests" time="0.038"/>
  <testcase name="sslWithCustomSslStoreProvider" classname="org.springframework.boot.web.embedded.undertow.UndertowServletWebServerFactoryTests" time="0.059"/>
  <testcase name="servletContextListenerContextDestroyedIsCalledWhenContainerIsStopped" classname="org.springframework.boot.web.embedded.undertow.UndertowServletWebServerFactoryTests" time="0.041"/>
  <testcase name="compressionWithoutContentSizeHeader" classname="org.springframework.boot.web.embedded.undertow.UndertowServletWebServerFactoryTests" time="0.035"/>
  <testcase name="contextPathMustNotEndWithSlash" classname="org.springframework.boot.web.embedded.undertow.UndertowServletWebServerFactoryTests" time="0.002"/>
  <testcase name="stopServlet" classname="org.springframework.boot.web.embedded.undertow.UndertowServletWebServerFactoryTests" time="2.036"/>
  <testcase name="serverHeaderIsDisabledByDefaultWhenUsingSsl" classname="org.springframework.boot.web.embedded.undertow.UndertowServletWebServerFactoryTests" time="0.048"/>
  <testcase name="mimeMappingsAreCorrectlyConfigured" classname="org.springframework.boot.web.embedded.undertow.UndertowServletWebServerFactoryTests" time="0.023"/>
  <testcase name="multipleConfigurations" classname="org.springframework.boot.web.embedded.undertow.UndertowServletWebServerFactoryTests" time="0.031"/>
  <testcase name="exceptionThrownOnLoadFailureIsRethrown" classname="org.springframework.boot.web.embedded.undertow.UndertowServletWebServerFactoryTests" time="0.021"/>
  <testcase name="loadOnStartAfterContextIsInitialized" classname="org.springframework.boot.web.embedded.undertow.UndertowServletWebServerFactoryTests" time="0.026"/>
  <testcase name="sslNeedsClientAuthenticationSucceedsWithClientCertificate" classname="org.springframework.boot.web.embedded.undertow.UndertowServletWebServerFactoryTests" time="0.052"/>
  <testcase name="sslDisabled" classname="org.springframework.boot.web.embedded.undertow.UndertowServletWebServerFactoryTests" time="0.038"/>
  <testcase name="basicSslFromClassPath" classname="org.springframework.boot.web.embedded.undertow.UndertowServletWebServerFactoryTests" time="0.063"/>
  <testcase name="compressionOfResponseToPostRequest" classname="org.springframework.boot.web.embedded.undertow.UndertowServletWebServerFactoryTests" time="0.044"/>
  <testcase name="sslKeyAlias" classname="org.springframework.boot.web.embedded.undertow.UndertowServletWebServerFactoryTests" time="0.065"/>
  <testcase name="rootServletContextResource" classname="org.springframework.boot.web.embedded.undertow.UndertowServletWebServerFactoryTests" time="0.036"/>
  <testcase name="portClashOfPrimaryConnectorResultsInPortInUseException" classname="org.springframework.boot.web.embedded.undertow.UndertowServletWebServerFactoryTests" time="0.081"/>
  <testcase name="defaultSessionTimeout" classname="org.springframework.boot.web.embedded.undertow.UndertowServletWebServerFactoryTests" time="0.001"/>
  <testcase name="noCompressionForSmallResponse" classname="org.springframework.boot.web.embedded.undertow.UndertowServletWebServerFactoryTests" time="0.043"/>
  <testcase name="disableJspServletRegistration" classname="org.springframework.boot.web.embedded.undertow.UndertowServletWebServerFactoryTests" time="0.026"/>
  <testcase name="localeCharsetMappingsAreConfigured" classname="org.springframework.boot.web.embedded.undertow.UndertowServletWebServerFactoryTests" time="0.028"/>
  <testcase name="pkcs12KeyStoreAndTrustStore" classname="org.springframework.boot.web.embedded.undertow.UndertowServletWebServerFactoryTests" time="0.082"/>
  <testcase name="portClashOfSecondaryConnectorResultsInPortInUseException" classname="org.springframework.boot.web.embedded.undertow.UndertowServletWebServerFactoryTests" time="0.042"/>
  <testcase name="cannotReadClassPathFiles" classname="org.springframework.boot.web.embedded.undertow.UndertowServletWebServerFactoryTests" time="0.048"/>
  <testcase name="startServlet" classname="org.springframework.boot.web.embedded.undertow.UndertowServletWebServerFactoryTests" time="0.032"/>
  <testcase name="sslNeedsClientAuthenticationFailsWithoutClientCertificate" classname="org.springframework.boot.web.embedded.undertow.UndertowServletWebServerFactoryTests" time="0.052"/>
  <testcase name="specificContextRoot" classname="org.springframework.boot.web.embedded.undertow.UndertowServletWebServerFactoryTests" time="0.033"/>
  <testcase name="getValidSessionStoreWhenSessionStoreIsRelative" classname="org.springframework.boot.web.embedded.undertow.UndertowServletWebServerFactoryTests" time="0.048"/>
  <testcase name="noCompressionForUserAgent" classname="org.springframework.boot.web.embedded.undertow.UndertowServletWebServerFactoryTests" time="0.036"/>
  <testcase name="noCompressionForMimeType" classname="org.springframework.boot.web.embedded.undertow.UndertowServletWebServerFactoryTests" time="0.037"/>
  <testcase name="sslRestrictedProtocolsRSATLS12Success" classname="org.springframework.boot.web.embedded.undertow.UndertowServletWebServerFactoryTests" time="0.071"/>
  <testcase name="sslRestrictedProtocolsEmptyCipherFailure" classname="org.springframework.boot.web.embedded.undertow.UndertowServletWebServerFactoryTests" time="0.081"/>
  <testcase name="basicSslClasspathKeyStore" classname="org.springframework.boot.web.embedded.undertow.UndertowServletWebServerFactoryTests" time="0.062"/>
  <testcase name="addNullAddBuilderCustomizersThrows" classname="org.springframework.boot.web.embedded.undertow.UndertowServletWebServerFactoryTests" time="0.002"/>
  <testcase name="errorPage404" classname="org.springframework.boot.web.embedded.undertow.UndertowServletWebServerFactoryTests" time="0.035"/>
  <testcase name="sslRestrictedProtocolsECDHETLS1Failure" classname="org.springframework.boot.web.embedded.undertow.UndertowServletWebServerFactoryTests" time="0.034"/>
  <testcase name="sslRestrictedProtocolsECDHESuccess" classname="org.springframework.boot.web.embedded.undertow.UndertowServletWebServerFactoryTests" time="0.05"/>
  <testcase name="addNullAddDeploymentInfoCustomizersThrows" classname="org.springframework.boot.web.embedded.undertow.UndertowServletWebServerFactoryTests" time="0.002"/>
  <testcase name="accessLogCanBeCustomized" classname="org.springframework.boot.web.embedded.undertow.UndertowServletWebServerFactoryTests" time="0.137"/>
  <testcase name="eachFactoryUsesADiscreteServletContainer" classname="org.springframework.boot.web.embedded.undertow.UndertowServletWebServerFactoryTests" time="0.047"/>
  <testcase name="accessLogCanBeEnabled" classname="org.springframework.boot.web.embedded.undertow.UndertowServletWebServerFactoryTests" time="0.132"/>
  <testcase name="useForwardHeaders" classname="org.springframework.boot.web.embedded.undertow.UndertowServletWebServerFactoryTests" time="0.044"/>
  <testcase name="setNullDeploymentInfoCustomizersThrows" classname="org.springframework.boot.web.embedded.undertow.UndertowServletWebServerFactoryTests" time="0.001"/>
  <testcase name="setNullBuilderCustomizersThrows" classname="org.springframework.boot.web.embedded.undertow.UndertowServletWebServerFactoryTests" time="0.001"/>
  <testcase name="defaultContextPath" classname="org.springframework.boot.web.embedded.undertow.UndertowServletWebServerFactoryTests" time="0.025"/>
  <testcase name="builderCustomizers" classname="org.springframework.boot.web.embedded.undertow.UndertowServletWebServerFactoryTests" time="0.025"/>
  <testcase name="sslRestrictedProtocolsRSATLS11Failure" classname="org.springframework.boot.web.embedded.undertow.UndertowServletWebServerFactoryTests" time="0.031"/>
  <testcase name="deploymentInfo" classname="org.springframework.boot.web.embedded.undertow.UndertowServletWebServerFactoryTests" time="0.03"/>
</testsuite>